<?xml version="1.0" encoding="UTF-8"?>
<testng-results ignored="0" total="1" passed="1" failed="0" skipped="0">
  <reporter-output>
  </reporter-output>
  <suite started-at="2023-02-01T02:21:26 IST" name="Default suite" finished-at="2023-02-01T02:21:30 IST" duration-ms="4118">
    <groups>
    </groups>
    <test started-at="2023-02-01T02:21:26 IST" name="Default test" finished-at="2023-02-01T02:21:30 IST" duration-ms="4118">
      <class name="com.rest.TCo6Deleteuser">
        <test-method signature="DeleteUser()[pri:0, instance:com.rest.TCo6Deleteuser@87a85e1]" started-at="2023-02-01T02:21:26 IST" name="DeleteUser" finished-at="2023-02-01T02:21:30 IST" duration-ms="4060" status="PASS">
          <reporter-output>
          </reporter-output>
        </test-method> <!-- DeleteUser -->
      </class> <!-- com.rest.TCo6Deleteuser -->
    </test> <!-- Default test -->
  </suite> <!-- Default suite -->
</testng-results>
